<?xml version='1.0' encoding='UTF-8'?>
<testsuite hostname="mc21.cs.purdue.edu" name="project3.TimedSuite" tests="0" errors="0" failures="0" skipped="0" time="0.0" timestamp="2023-02-05T23:59:47">
                     <properties>
      <property name="jline.esc.timeout" value="0"/><property name="jna.platform.library.path" value="/usr/lib/x86_64-linux-gnu:/lib/x86_64-linux-gnu:/lib64:/usr/lib:/lib:/libx32:/lib32:/usr/libx32:/usr/lib32:/opt/oracle/instantclient_19_8"/><property name="java.runtime.name" value="OpenJDK Runtime Environment"/><property name="sun.boot.library.path" value="/u/antor/u50/vsatyasa/.sdkman/candidates/java/8.0.352-zulu/jre/lib/amd64"/><property name="java.vm.version" value="25.352-b08"/><property name="jdk.vendor.version" value="Zulu 8.66.0.15-CA-linux64"/><property name="java.vm.vendor" value="Azul Systems, Inc."/><property name="java.vendor.url" value="http://www.azul.com/"/><property name="path.separator" value=":"/><property name="jna.loaded" value="true"/><property name="java.vm.name" value="OpenJDK 64-Bit Server VM"/><property name="file.encoding.pkg" value="sun.io"/><property name="user.country" value="US"/><property name="sun.java.launcher" value="SUN_STANDARD"/><property name="sun.os.patch.level" value="unknown"/><property name="jna.nosys" value="true"/><property name="java.vm.specification.name" value="Java Virtual Machine Specification"/><property name="user.dir" value="/u/antor/u50/vsatyasa/CS502/proj3"/><property name="java.runtime.version" value="1.8.0_352-b08"/><property name="java.awt.graphicsenv" value="sun.awt.X11GraphicsEnvironment"/><property name="java.endorsed.dirs" value="/u/antor/u50/vsatyasa/.sdkman/candidates/java/8.0.352-zulu/jre/lib/endorsed"/><property name="os.arch" value="amd64"/><property name="java.io.tmpdir" value="/tmp"/><property name="line.separator" value="
"/><property name="java.vm.specification.vendor" value="Oracle Corporation"/><property name="os.name" value="Linux"/><property name="sun.jnu.encoding" value="UTF-8"/><property name="jnidispatch.path" value="/tmp/jna-1364755206/jna8990763214361951118.tmp"/><property name="java.library.path" value=":/opt/oracle/instantclient_19_8:/usr/java/packages/lib/amd64:/usr/lib64:/lib64:/lib:/usr/lib"/><property name="java.specification.name" value="Java Platform API Specification"/><property name="java.class.version" value="52.0"/><property name="sun.management.compiler" value="HotSpot 64-Bit Tiered Compilers"/><property name="os.version" value="5.4.0-92-generic"/><property name="user.home" value="/homes/vsatyasa"/><property name="user.timezone" value="America/Indiana/Indianapolis"/><property name="java.awt.printerjob" value="sun.print.PSPrinterJob"/><property name="file.encoding" value="UTF-8"/><property name="java.specification.version" value="1.8"/><property name="java.class.path" value="/u/antor/u50/vsatyasa/.sdkman/candidates/sbt/1.3.5/bin/sbt-launch.jar"/><property name="user.name" value="vsatyasa"/><property name="jline.shutdownhook" value="false"/><property name="java.vm.specification.version" value="1.8"/><property name="sun.java.command" value="/u/antor/u50/vsatyasa/.sdkman/candidates/sbt/1.3.5/bin/sbt-launch.jar test"/><property name="java.home" value="/u/antor/u50/vsatyasa/.sdkman/candidates/java/8.0.352-zulu/jre"/><property name="sun.arch.data.model" value="64"/><property name="user.language" value="en"/><property name="java.specification.vendor" value="Oracle Corporation"/><property name="awt.toolkit" value="sun.awt.X11.XToolkit"/><property name="java.vm.info" value="mixed mode"/><property name="java.version" value="1.8.0_352"/><property name="java.ext.dirs" value="/u/antor/u50/vsatyasa/.sdkman/candidates/java/8.0.352-zulu/jre/lib/ext:/usr/java/packages/lib/ext"/><property name="sun.boot.class.path" value="/u/antor/u50/vsatyasa/.sdkman/candidates/java/8.0.352-zulu/jre/lib/resources.jar:/u/antor/u50/vsatyasa/.sdkman/candidates/java/8.0.352-zulu/jre/lib/rt.jar:/u/antor/u50/vsatyasa/.sdkman/candidates/java/8.0.352-zulu/jre/lib/sunrsasign.jar:/u/antor/u50/vsatyasa/.sdkman/candidates/java/8.0.352-zulu/jre/lib/jsse.jar:/u/antor/u50/vsatyasa/.sdkman/candidates/java/8.0.352-zulu/jre/lib/jce.jar:/u/antor/u50/vsatyasa/.sdkman/candidates/java/8.0.352-zulu/jre/lib/charsets.jar:/u/antor/u50/vsatyasa/.sdkman/candidates/java/8.0.352-zulu/jre/lib/jfr.jar:/u/antor/u50/vsatyasa/.sdkman/candidates/java/8.0.352-zulu/jre/lib/cat.jar:/u/antor/u50/vsatyasa/.sdkman/candidates/java/8.0.352-zulu/jre/classes"/><property name="java.vendor" value="Azul Systems, Inc."/><property name="java.specification.maintenance.version" value="4"/><property name="file.separator" value="/"/><property name="java.vendor.url.bug" value="http://www.azul.com/support/"/><property name="sun.io.unicode.encoding" value="UnicodeLittle"/><property name="sun.cpu.endian" value="little"/><property name="sun.cpu.isalist" value=""/>
    </properties>
                     
                     <system-out><![CDATA[]]></system-out>
                     <system-err><![CDATA[]]></system-err>
                   </testsuite>